2021-02-27 16:32:07,596:INFO:PyCaret Supervised Module
2021-02-27 16:32:07,596:INFO:ML Usecase: classification
2021-02-27 16:32:07,597:INFO:version 2.2.3
2021-02-27 16:32:07,597:INFO:Initializing setup()
2021-02-27 16:32:07,597:INFO:setup(display=None, profile_kwargs=None, profile=False, verbose=True, silent=True, log_data=False, log_profile=False, log_plots=False, experiment_name=None, log_experiment=False, session_id=None, html=True, custom_pipeline=None, use_gpu=False, n_jobs=-1, fold_groups=None, fold_shuffle=False, fold=10, fold_strategy=stratifiedkfold, data_split_stratify=True, data_split_shuffle=True, transform_target_method=box-cox, transform_target=False, fix_imbalance_method=None, fix_imbalance=False, interaction_threshold=0.01, feature_ratio=False, feature_interaction=False, feature_selection_method=classic, feature_selection_threshold=0.8, feature_selection=False, group_names=None, group_features=None, polynomial_threshold=0.1, trigonometry_features=False, polynomial_degree=2, polynomial_features=False, cluster_iter=20, create_clusters=False, remove_perfect_collinearity=True, multicollinearity_threshold=0.9, remove_multicollinearity=False, outliers_threshold=0.05, remove_outliers=False, bin_numeric_features=None, rare_level_threshold=0.1, combine_rare_levels=False, ignore_low_variance=True, pca_components=None, pca_method=linear, pca=False, unknown_categorical_method=least_frequent, handle_unknown_categorical=True, transformation_method=yeo-johnson, transformation=False, normalize_method=zscore, normalize=True, ignore_features=['PatientId', 'AppointmentID'], date_features=None, numeric_iterative_imputer=lightgbm, numeric_imputation=mean, numeric_features=['Age', 'Appointment_year', 'Appointment_month', 'Appointment_day', 'Register_year', 'Register_month', 'Register_day', 'Register_hour', 'waiting_time'], high_cardinality_method=frequency, high_cardinality_features=None, ordinal_features={}, categorical_iterative_imputer=lightgbm, categorical_imputation=constant, categorical_features=['Gender', 'Scholarship', 'Hipertension', 'Diabetes', 'Alcoholism', 'Handicap', 'SMS_received', 'Appointment_day_name', 'Register_day_name'], iterative_imputation_iters=5, imputation_type=simple, preprocess=True, test_data=None, train_size=0.7, available_plots={'parameter': 'Hyperparameters', 'auc': 'AUC', 'confusion_matrix': 'Confusion Matrix', 'threshold': 'Threshold', 'pr': 'Precision Recall', 'error': 'Prediction Error', 'class_report': 'Class Report', 'rfe': 'Feature Selection', 'learning': 'Learning Curve', 'manifold': 'Manifold Learning', 'calibration': 'Calibration Curve', 'vc': 'Validation Curve', 'dimension': 'Dimensions', 'feature': 'Feature Importance', 'feature_all': 'Feature Importance (All)', 'boundary': 'Decision Boundary', 'lift': 'Lift Chart', 'gain': 'Gain Chart', 'tree': 'Decision Tree'}, ml_usecase=classification, target=No-show)
2021-02-27 16:32:07,597:INFO:Checking environment
2021-02-27 16:32:07,597:INFO:python_version: 3.6.12
2021-02-27 16:32:07,597:INFO:python_build: ('default', 'Sep  8 2020 17:50:39')
2021-02-27 16:32:07,597:INFO:machine: x86_64
2021-02-27 16:32:07,636:INFO:platform: Darwin-19.6.0-x86_64-i386-64bit
2021-02-27 16:32:07,638:WARNING:cannot find psutil installation. memory not traceable. Install psutil using pip to enable memory logging.
2021-02-27 16:32:07,638:INFO:Checking libraries
2021-02-27 16:32:07,638:INFO:pd==1.1.4
2021-02-27 16:32:07,638:INFO:numpy==1.19.5
2021-02-27 16:32:07,638:INFO:sklearn==0.23.2
2021-02-27 16:32:07,729:INFO:xgboost==1.3.3
2021-02-27 16:32:07,729:INFO:lightgbm==3.1.1
2021-02-27 16:32:07,792:INFO:catboost==0.24.4
2021-02-27 16:32:10,001:INFO:mlflow==1.13.1
2021-02-27 16:32:10,001:INFO:Checking Exceptions
2021-02-27 16:32:10,002:INFO:Declaring global variables
2021-02-27 16:32:10,002:INFO:USI: 7586
2021-02-27 16:32:10,002:INFO:pycaret_globals: {'pycaret_globals', 'exp_name_log', 'imputation_classifier', 'fold_generator', '_ml_usecase', 'fold_groups_param', 'log_plots_param', 'fold_param', 'fix_imbalance_param', 'master_model_container', 'prep_pipe', 'transform_target_method_param', 'n_jobs_param', 'X_train', 'y', '_all_metrics', '_all_models_internal', 'logging_param', '_gpu_n_jobs_param', '_all_models', 'y_train', 'gpu_param', 'imputation_regressor', 'fold_shuffle_param', 'seed', 'fix_imbalance_method_param', 'display_container', 'data_before_preprocess', '_internal_pipeline', 'X', 'USI', 'experiment__', 'html_param', 'X_test', 'create_model_container', 'stratify_param', 'iterative_imputation_iters_param', 'y_test', 'transform_target_param', 'target_param', '_available_plots'}
2021-02-27 16:32:10,002:INFO:Preparing display monitor
2021-02-27 16:32:10,003:INFO:Preparing display monitor
2021-02-27 16:32:10,044:INFO:Importing libraries
2021-02-27 16:32:10,044:INFO:Copying data for preprocessing
2021-02-27 16:32:10,072:INFO:Declaring preprocessing parameters
2021-02-27 16:32:10,099:INFO:Creating preprocessing pipeline
2021-02-27 16:32:10,300:INFO:Preprocessing pipeline created successfully
2021-02-27 16:32:10,300:ERROR:(Process Exit): setup has been interupted with user command 'quit'. setup must rerun.
2021-02-27 16:32:10,300:INFO:Creating global containers
2021-02-27 16:32:10,310:INFO:Internal pipeline: Pipeline(memory=None, steps=[('empty_step', 'passthrough')], verbose=False)
2021-02-27 16:32:19,745:INFO:Creating grid variables
2021-02-27 16:32:19,815:INFO:create_model_container: 0
2021-02-27 16:32:19,815:INFO:master_model_container: 0
2021-02-27 16:32:19,815:INFO:display_container: 1
2021-02-27 16:32:19,825:INFO:Pipeline(memory=None,
         steps=[('dtypes',
                 DataTypes_Auto_infer(categorical_features=['Gender',
                                                            'Scholarship',
                                                            'Hipertension',
                                                            'Diabetes',
                                                            'Alcoholism',
                                                            'Handicap',
                                                            'SMS_received',
                                                            'Appointment_day_name',
                                                            'Register_day_name'],
                                      display_types=False,
                                      features_todrop=['PatientId',
                                                       'AppointmentID'],
                                      id_columns=[],
                                      ml_usecase='classification',
                                      numerical_features=['Age',
                                                          'Ap...
                ('P_transform', 'passthrough'), ('binn', 'passthrough'),
                ('rem_outliers', 'passthrough'), ('cluster_all', 'passthrough'),
                ('dummy', Dummify(target='No-show')),
                ('fix_perfect', Remove_100(target='No-show')),
                ('clean_names', Clean_Colum_Names()),
                ('feature_select', 'passthrough'), ('fix_multi', 'passthrough'),
                ('dfs', 'passthrough'), ('pca', 'passthrough')],
         verbose=False)
2021-02-27 16:32:19,825:INFO:setup() succesfully completed......................................
2021-02-27 16:33:50,294:INFO:Initializing compare_models()
2021-02-27 16:33:50,294:INFO:compare_models(display=None, verbose=True, groups=None, fit_kwargs=None, errors=ignore, turbo=True, budget_time=None, n_select=1, sort=AUC, cross_validation=True, round=4, fold=None, include=None, exclude=None)
2021-02-27 16:33:50,294:INFO:Checking exceptions
2021-02-27 16:33:50,296:INFO:Preparing display monitor
2021-02-27 16:33:50,297:INFO:Preparing display monitor
2021-02-27 16:33:50,325:INFO:Initializing Logistic Regression
2021-02-27 16:33:50,325:INFO:Total runtime is 2.8491020202636717e-06 minutes
2021-02-27 16:33:50,335:INFO:SubProcess create_model() called ==================================
2021-02-27 16:33:50,336:INFO:Initializing create_model()
2021-02-27 16:33:50,336:INFO:create_model(kwargs={}, display=<pycaret.internal.Display.Display object at 0x7f8fdccd96d8>, metrics=None, system=False, verbose=False, refit=False, groups=None, fit_kwargs={}, predict=True, cross_validation=True, round=4, fold=StratifiedKFold(n_splits=10, random_state=6684, shuffle=False), estimator=lr)
2021-02-27 16:33:50,336:INFO:Checking exceptions
2021-02-27 16:33:50,336:INFO:Importing libraries
2021-02-27 16:33:50,336:INFO:Copying training dataset
2021-02-27 16:33:50,362:INFO:Defining folds
2021-02-27 16:33:50,362:INFO:Declaring metric variables
2021-02-27 16:33:50,371:INFO:Importing untrained model
2021-02-27 16:33:50,380:INFO:Logistic Regression Imported succesfully
2021-02-27 16:33:50,399:INFO:Starting cross validation
2021-02-27 16:33:50,399:INFO:Cross validating with StratifiedKFold(n_splits=10, random_state=6684, shuffle=False), n_jobs=-1
2021-02-27 16:34:45,576:INFO:Calculating mean and std
2021-02-27 16:34:45,580:INFO:Creating metrics dataframe
2021-02-27 16:34:45,588:INFO:Uploading results into container
2021-02-27 16:34:45,588:INFO:Uploading model into container now
2021-02-27 16:34:45,588:INFO:create_model_container: 1
2021-02-27 16:34:45,588:INFO:master_model_container: 1
2021-02-27 16:34:45,588:INFO:display_container: 2
2021-02-27 16:34:45,589:INFO:LogisticRegression(C=1.0, class_weight=None, dual=False, fit_intercept=True,
                   intercept_scaling=1, l1_ratio=None, max_iter=1000,
                   multi_class='auto', n_jobs=None, penalty='l2',
                   random_state=6684, solver='lbfgs', tol=0.0001, verbose=0,
                   warm_start=False)
2021-02-27 16:34:45,589:INFO:create_model() succesfully completed......................................
2021-02-27 16:34:45,719:INFO:SubProcess create_model() end ==================================
2021-02-27 16:34:45,719:INFO:Creating metrics dataframe
2021-02-27 16:34:45,744:INFO:Initializing K Neighbors Classifier
2021-02-27 16:34:45,744:INFO:Total runtime is 0.9236403663953145 minutes
2021-02-27 16:34:45,753:INFO:SubProcess create_model() called ==================================
2021-02-27 16:34:45,753:INFO:Initializing create_model()
2021-02-27 16:34:45,753:INFO:create_model(kwargs={}, display=<pycaret.internal.Display.Display object at 0x7f8fdccd96d8>, metrics=None, system=False, verbose=False, refit=False, groups=None, fit_kwargs={}, predict=True, cross_validation=True, round=4, fold=StratifiedKFold(n_splits=10, random_state=6684, shuffle=False), estimator=knn)
2021-02-27 16:34:45,753:INFO:Checking exceptions
2021-02-27 16:34:45,754:INFO:Importing libraries
2021-02-27 16:34:45,754:INFO:Copying training dataset
2021-02-27 16:34:45,803:INFO:Defining folds
2021-02-27 16:34:45,804:INFO:Declaring metric variables
2021-02-27 16:34:45,812:INFO:Importing untrained model
2021-02-27 16:34:45,821:INFO:K Neighbors Classifier Imported succesfully
2021-02-27 16:34:45,839:INFO:Starting cross validation
2021-02-27 16:34:45,840:INFO:Cross validating with StratifiedKFold(n_splits=10, random_state=6684, shuffle=False), n_jobs=-1
2021-02-27 16:36:20,146:INFO:Calculating mean and std
2021-02-27 16:36:20,147:INFO:Creating metrics dataframe
2021-02-27 16:36:20,153:INFO:Uploading results into container
2021-02-27 16:36:20,153:INFO:Uploading model into container now
2021-02-27 16:36:20,153:INFO:create_model_container: 2
2021-02-27 16:36:20,153:INFO:master_model_container: 2
2021-02-27 16:36:20,153:INFO:display_container: 2
2021-02-27 16:36:20,154:INFO:KNeighborsClassifier(algorithm='auto', leaf_size=30, metric='minkowski',
                     metric_params=None, n_jobs=-1, n_neighbors=5, p=2,
                     weights='uniform')
2021-02-27 16:36:20,154:INFO:create_model() succesfully completed......................................
2021-02-27 16:36:20,241:INFO:SubProcess create_model() end ==================================
2021-02-27 16:36:20,241:INFO:Creating metrics dataframe
2021-02-27 16:36:20,268:INFO:Initializing Naive Bayes
2021-02-27 16:36:20,268:INFO:Total runtime is 2.499041752020518 minutes
2021-02-27 16:36:20,277:INFO:SubProcess create_model() called ==================================
2021-02-27 16:36:20,277:INFO:Initializing create_model()
2021-02-27 16:36:20,277:INFO:create_model(kwargs={}, display=<pycaret.internal.Display.Display object at 0x7f8fdccd96d8>, metrics=None, system=False, verbose=False, refit=False, groups=None, fit_kwargs={}, predict=True, cross_validation=True, round=4, fold=StratifiedKFold(n_splits=10, random_state=6684, shuffle=False), estimator=nb)
2021-02-27 16:36:20,278:INFO:Checking exceptions
2021-02-27 16:36:20,278:INFO:Importing libraries
2021-02-27 16:36:20,278:INFO:Copying training dataset
2021-02-27 16:36:20,285:INFO:Defining folds
2021-02-27 16:36:20,286:INFO:Declaring metric variables
2021-02-27 16:36:20,294:INFO:Importing untrained model
2021-02-27 16:36:20,303:INFO:Naive Bayes Imported succesfully
2021-02-27 16:36:20,321:INFO:Starting cross validation
2021-02-27 16:36:20,321:INFO:Cross validating with StratifiedKFold(n_splits=10, random_state=6684, shuffle=False), n_jobs=-1
2021-02-27 16:36:21,191:INFO:Calculating mean and std
2021-02-27 16:36:21,193:INFO:Creating metrics dataframe
2021-02-27 16:36:21,199:INFO:Uploading results into container
2021-02-27 16:36:21,199:INFO:Uploading model into container now
2021-02-27 16:36:21,199:INFO:create_model_container: 3
2021-02-27 16:36:21,199:INFO:master_model_container: 3
2021-02-27 16:36:21,199:INFO:display_container: 2
2021-02-27 16:36:21,199:INFO:GaussianNB(priors=None, var_smoothing=1e-09)
2021-02-27 16:36:21,199:INFO:create_model() succesfully completed......................................
2021-02-27 16:36:21,286:INFO:SubProcess create_model() end ==================================
2021-02-27 16:36:21,286:INFO:Creating metrics dataframe
2021-02-27 16:36:21,313:INFO:Initializing Decision Tree Classifier
2021-02-27 16:36:21,313:INFO:Total runtime is 2.51646093527476 minutes
2021-02-27 16:36:21,322:INFO:SubProcess create_model() called ==================================
2021-02-27 16:36:21,322:INFO:Initializing create_model()
2021-02-27 16:36:21,322:INFO:create_model(kwargs={}, display=<pycaret.internal.Display.Display object at 0x7f8fdccd96d8>, metrics=None, system=False, verbose=False, refit=False, groups=None, fit_kwargs={}, predict=True, cross_validation=True, round=4, fold=StratifiedKFold(n_splits=10, random_state=6684, shuffle=False), estimator=dt)
2021-02-27 16:36:21,323:INFO:Checking exceptions
2021-02-27 16:36:21,323:INFO:Importing libraries
2021-02-27 16:36:21,323:INFO:Copying training dataset
2021-02-27 16:36:21,331:INFO:Defining folds
2021-02-27 16:36:21,331:INFO:Declaring metric variables
2021-02-27 16:36:21,339:INFO:Importing untrained model
2021-02-27 16:36:21,347:INFO:Decision Tree Classifier Imported succesfully
2021-02-27 16:36:21,364:INFO:Starting cross validation
2021-02-27 16:36:21,365:INFO:Cross validating with StratifiedKFold(n_splits=10, random_state=6684, shuffle=False), n_jobs=-1
2021-02-27 16:36:26,185:INFO:Calculating mean and std
2021-02-27 16:36:26,187:INFO:Creating metrics dataframe
2021-02-27 16:36:26,193:INFO:Uploading results into container
2021-02-27 16:36:26,193:INFO:Uploading model into container now
2021-02-27 16:36:26,193:INFO:create_model_container: 4
2021-02-27 16:36:26,193:INFO:master_model_container: 4
2021-02-27 16:36:26,193:INFO:display_container: 2
2021-02-27 16:36:26,194:INFO:DecisionTreeClassifier(ccp_alpha=0.0, class_weight=None, criterion='gini',
                       max_depth=None, max_features=None, max_leaf_nodes=None,
                       min_impurity_decrease=0.0, min_impurity_split=None,
                       min_samples_leaf=1, min_samples_split=2,
                       min_weight_fraction_leaf=0.0, presort='deprecated',
                       random_state=6684, splitter='best')
2021-02-27 16:36:26,194:INFO:create_model() succesfully completed......................................
2021-02-27 16:36:26,282:INFO:SubProcess create_model() end ==================================
2021-02-27 16:36:26,282:INFO:Creating metrics dataframe
2021-02-27 16:36:26,309:INFO:Initializing SVM - Linear Kernel
2021-02-27 16:36:26,309:INFO:Total runtime is 2.599730332692464 minutes
2021-02-27 16:36:26,318:INFO:SubProcess create_model() called ==================================
2021-02-27 16:36:26,318:INFO:Initializing create_model()
2021-02-27 16:36:26,318:INFO:create_model(kwargs={}, display=<pycaret.internal.Display.Display object at 0x7f8fdccd96d8>, metrics=None, system=False, verbose=False, refit=False, groups=None, fit_kwargs={}, predict=True, cross_validation=True, round=4, fold=StratifiedKFold(n_splits=10, random_state=6684, shuffle=False), estimator=svm)
2021-02-27 16:36:26,318:INFO:Checking exceptions
2021-02-27 16:36:26,318:INFO:Importing libraries
2021-02-27 16:36:26,318:INFO:Copying training dataset
2021-02-27 16:36:26,326:INFO:Defining folds
2021-02-27 16:36:26,326:INFO:Declaring metric variables
2021-02-27 16:36:26,335:INFO:Importing untrained model
2021-02-27 16:36:26,344:INFO:SVM - Linear Kernel Imported succesfully
2021-02-27 16:36:26,361:INFO:Starting cross validation
2021-02-27 16:36:26,362:INFO:Cross validating with StratifiedKFold(n_splits=10, random_state=6684, shuffle=False), n_jobs=-1
2021-02-27 16:36:28,541:INFO:Calculating mean and std
2021-02-27 16:36:28,544:INFO:Creating metrics dataframe
2021-02-27 16:36:28,550:INFO:Uploading results into container
2021-02-27 16:36:28,550:INFO:Uploading model into container now
2021-02-27 16:36:28,550:INFO:create_model_container: 5
2021-02-27 16:36:28,550:INFO:master_model_container: 5
2021-02-27 16:36:28,550:INFO:display_container: 2
2021-02-27 16:36:28,551:INFO:SGDClassifier(alpha=0.0001, average=False, class_weight=None,
              early_stopping=False, epsilon=0.1, eta0=0.001, fit_intercept=True,
              l1_ratio=0.15, learning_rate='optimal', loss='hinge',
              max_iter=1000, n_iter_no_change=5, n_jobs=-1, penalty='l2',
              power_t=0.5, random_state=6684, shuffle=True, tol=0.001,
              validation_fraction=0.1, verbose=0, warm_start=False)
2021-02-27 16:36:28,551:INFO:create_model() succesfully completed......................................
2021-02-27 16:36:28,639:INFO:SubProcess create_model() end ==================================
2021-02-27 16:36:28,639:INFO:Creating metrics dataframe
2021-02-27 16:36:28,667:INFO:Initializing Ridge Classifier
2021-02-27 16:36:28,667:INFO:Total runtime is 2.639022099971771 minutes
2021-02-27 16:36:28,675:INFO:SubProcess create_model() called ==================================
2021-02-27 16:36:28,675:INFO:Initializing create_model()
2021-02-27 16:36:28,675:INFO:create_model(kwargs={}, display=<pycaret.internal.Display.Display object at 0x7f8fdccd96d8>, metrics=None, system=False, verbose=False, refit=False, groups=None, fit_kwargs={}, predict=True, cross_validation=True, round=4, fold=StratifiedKFold(n_splits=10, random_state=6684, shuffle=False), estimator=ridge)
2021-02-27 16:36:28,676:INFO:Checking exceptions
2021-02-27 16:36:28,676:INFO:Importing libraries
2021-02-27 16:36:28,676:INFO:Copying training dataset
2021-02-27 16:36:28,683:INFO:Defining folds
2021-02-27 16:36:28,684:INFO:Declaring metric variables
2021-02-27 16:36:28,693:INFO:Importing untrained model
2021-02-27 16:36:28,701:INFO:Ridge Classifier Imported succesfully
2021-02-27 16:36:28,718:INFO:Starting cross validation
2021-02-27 16:36:28,719:INFO:Cross validating with StratifiedKFold(n_splits=10, random_state=6684, shuffle=False), n_jobs=-1
2021-02-27 16:36:29,493:INFO:Calculating mean and std
2021-02-27 16:36:29,495:INFO:Creating metrics dataframe
2021-02-27 16:36:29,501:INFO:Uploading results into container
2021-02-27 16:36:29,501:INFO:Uploading model into container now
2021-02-27 16:36:29,501:INFO:create_model_container: 6
2021-02-27 16:36:29,501:INFO:master_model_container: 6
2021-02-27 16:36:29,501:INFO:display_container: 2
2021-02-27 16:36:29,502:INFO:RidgeClassifier(alpha=1.0, class_weight=None, copy_X=True, fit_intercept=True,
                max_iter=None, normalize=False, random_state=6684,
                solver='auto', tol=0.001)
2021-02-27 16:36:29,502:INFO:create_model() succesfully completed......................................
2021-02-27 16:36:29,587:INFO:SubProcess create_model() end ==================================
2021-02-27 16:36:29,588:INFO:Creating metrics dataframe
2021-02-27 16:36:29,616:INFO:Initializing Random Forest Classifier
2021-02-27 16:36:29,616:INFO:Total runtime is 2.6548507491747535 minutes
2021-02-27 16:36:29,625:INFO:SubProcess create_model() called ==================================
2021-02-27 16:36:29,626:INFO:Initializing create_model()
2021-02-27 16:36:29,626:INFO:create_model(kwargs={}, display=<pycaret.internal.Display.Display object at 0x7f8fdccd96d8>, metrics=None, system=False, verbose=False, refit=False, groups=None, fit_kwargs={}, predict=True, cross_validation=True, round=4, fold=StratifiedKFold(n_splits=10, random_state=6684, shuffle=False), estimator=rf)
2021-02-27 16:36:29,626:INFO:Checking exceptions
2021-02-27 16:36:29,626:INFO:Importing libraries
2021-02-27 16:36:29,626:INFO:Copying training dataset
2021-02-27 16:36:29,634:INFO:Defining folds
2021-02-27 16:36:29,634:INFO:Declaring metric variables
2021-02-27 16:36:29,642:INFO:Importing untrained model
2021-02-27 16:36:29,650:INFO:Random Forest Classifier Imported succesfully
2021-02-27 16:36:29,667:INFO:Starting cross validation
2021-02-27 16:36:29,668:INFO:Cross validating with StratifiedKFold(n_splits=10, random_state=6684, shuffle=False), n_jobs=-1
2021-02-27 16:37:10,345:INFO:Calculating mean and std
2021-02-27 16:37:10,346:INFO:Creating metrics dataframe
2021-02-27 16:37:10,351:INFO:Uploading results into container
2021-02-27 16:37:10,351:INFO:Uploading model into container now
2021-02-27 16:37:10,352:INFO:create_model_container: 7
2021-02-27 16:37:10,352:INFO:master_model_container: 7
2021-02-27 16:37:10,352:INFO:display_container: 2
2021-02-27 16:37:10,352:INFO:RandomForestClassifier(bootstrap=True, ccp_alpha=0.0, class_weight=None,
                       criterion='gini', max_depth=None, max_features='auto',
                       max_leaf_nodes=None, max_samples=None,
                       min_impurity_decrease=0.0, min_impurity_split=None,
                       min_samples_leaf=1, min_samples_split=2,
                       min_weight_fraction_leaf=0.0, n_estimators=100,
                       n_jobs=-1, oob_score=False, random_state=6684, verbose=0,
                       warm_start=False)
2021-02-27 16:37:10,353:INFO:create_model() succesfully completed......................................
2021-02-27 16:37:10,440:INFO:SubProcess create_model() end ==================================
2021-02-27 16:37:10,440:INFO:Creating metrics dataframe
2021-02-27 16:37:10,469:INFO:Initializing Quadratic Discriminant Analysis
2021-02-27 16:37:10,469:INFO:Total runtime is 3.3357302347819004 minutes
2021-02-27 16:37:10,477:INFO:SubProcess create_model() called ==================================
2021-02-27 16:37:10,478:INFO:Initializing create_model()
2021-02-27 16:37:10,478:INFO:create_model(kwargs={}, display=<pycaret.internal.Display.Display object at 0x7f8fdccd96d8>, metrics=None, system=False, verbose=False, refit=False, groups=None, fit_kwargs={}, predict=True, cross_validation=True, round=4, fold=StratifiedKFold(n_splits=10, random_state=6684, shuffle=False), estimator=qda)
2021-02-27 16:37:10,478:INFO:Checking exceptions
2021-02-27 16:37:10,478:INFO:Importing libraries
2021-02-27 16:37:10,478:INFO:Copying training dataset
2021-02-27 16:37:10,486:INFO:Defining folds
2021-02-27 16:37:10,486:INFO:Declaring metric variables
2021-02-27 16:37:10,495:INFO:Importing untrained model
2021-02-27 16:37:10,503:INFO:Quadratic Discriminant Analysis Imported succesfully
2021-02-27 16:37:10,517:INFO:Starting cross validation
2021-02-27 16:37:10,518:INFO:Cross validating with StratifiedKFold(n_splits=10, random_state=6684, shuffle=False), n_jobs=-1
2021-02-27 16:38:28,360:INFO:Calculating mean and std
2021-02-27 16:38:28,361:INFO:Creating metrics dataframe
2021-02-27 16:38:28,366:INFO:Uploading results into container
2021-02-27 16:38:28,366:INFO:Uploading model into container now
2021-02-27 16:38:28,366:INFO:create_model_container: 8
2021-02-27 16:38:28,366:INFO:master_model_container: 8
2021-02-27 16:38:28,366:INFO:display_container: 2
2021-02-27 16:38:28,367:INFO:QuadraticDiscriminantAnalysis(priors=None, reg_param=0.0,
                              store_covariance=False, tol=0.0001)
2021-02-27 16:38:28,367:INFO:create_model() succesfully completed......................................
2021-02-27 16:38:28,457:INFO:SubProcess create_model() end ==================================
2021-02-27 16:38:28,457:INFO:Creating metrics dataframe
2021-02-27 16:38:28,498:INFO:Initializing Ada Boost Classifier
2021-02-27 16:38:28,499:INFO:Total runtime is 4.63621988693873 minutes
2021-02-27 16:38:28,517:INFO:SubProcess create_model() called ==================================
2021-02-27 16:38:28,517:INFO:Initializing create_model()
2021-02-27 16:38:28,518:INFO:create_model(kwargs={}, display=<pycaret.internal.Display.Display object at 0x7f8fdccd96d8>, metrics=None, system=False, verbose=False, refit=False, groups=None, fit_kwargs={}, predict=True, cross_validation=True, round=4, fold=StratifiedKFold(n_splits=10, random_state=6684, shuffle=False), estimator=ada)
2021-02-27 16:38:28,518:INFO:Checking exceptions
2021-02-27 16:38:28,518:INFO:Importing libraries
2021-02-27 16:38:28,518:INFO:Copying training dataset
2021-02-27 16:38:28,528:INFO:Defining folds
2021-02-27 16:38:28,529:INFO:Declaring metric variables
2021-02-27 16:38:28,541:INFO:Importing untrained model
2021-02-27 16:38:28,549:INFO:Ada Boost Classifier Imported succesfully
2021-02-27 16:38:28,566:INFO:Starting cross validation
2021-02-27 16:38:28,567:INFO:Cross validating with StratifiedKFold(n_splits=10, random_state=6684, shuffle=False), n_jobs=-1
2021-02-27 16:38:37,806:INFO:Calculating mean and std
2021-02-27 16:38:37,808:INFO:Creating metrics dataframe
2021-02-27 16:38:37,814:INFO:Uploading results into container
2021-02-27 16:38:37,814:INFO:Uploading model into container now
2021-02-27 16:38:37,814:INFO:create_model_container: 9
2021-02-27 16:38:37,814:INFO:master_model_container: 9
2021-02-27 16:38:37,814:INFO:display_container: 2
2021-02-27 16:38:37,815:INFO:AdaBoostClassifier(algorithm='SAMME.R', base_estimator=None, learning_rate=1.0,
                   n_estimators=50, random_state=6684)
2021-02-27 16:38:37,815:INFO:create_model() succesfully completed......................................
2021-02-27 16:38:37,904:INFO:SubProcess create_model() end ==================================
2021-02-27 16:38:37,904:INFO:Creating metrics dataframe
2021-02-27 16:38:37,932:INFO:Initializing Gradient Boosting Classifier
2021-02-27 16:38:37,932:INFO:Total runtime is 4.793438065052031 minutes
2021-02-27 16:38:37,939:INFO:SubProcess create_model() called ==================================
2021-02-27 16:38:37,940:INFO:Initializing create_model()
2021-02-27 16:38:37,940:INFO:create_model(kwargs={}, display=<pycaret.internal.Display.Display object at 0x7f8fdccd96d8>, metrics=None, system=False, verbose=False, refit=False, groups=None, fit_kwargs={}, predict=True, cross_validation=True, round=4, fold=StratifiedKFold(n_splits=10, random_state=6684, shuffle=False), estimator=gbc)
2021-02-27 16:38:37,940:INFO:Checking exceptions
2021-02-27 16:38:37,940:INFO:Importing libraries
2021-02-27 16:38:37,940:INFO:Copying training dataset
2021-02-27 16:38:37,947:INFO:Defining folds
2021-02-27 16:38:37,948:INFO:Declaring metric variables
2021-02-27 16:38:37,955:INFO:Importing untrained model
2021-02-27 16:38:37,964:INFO:Gradient Boosting Classifier Imported succesfully
2021-02-27 16:38:37,983:INFO:Starting cross validation
2021-02-27 16:38:37,984:INFO:Cross validating with StratifiedKFold(n_splits=10, random_state=6684, shuffle=False), n_jobs=-1
2021-02-27 16:39:16,414:INFO:Calculating mean and std
2021-02-27 16:39:16,415:INFO:Creating metrics dataframe
2021-02-27 16:39:16,422:INFO:Uploading results into container
2021-02-27 16:39:16,422:INFO:Uploading model into container now
2021-02-27 16:39:16,422:INFO:create_model_container: 10
2021-02-27 16:39:16,422:INFO:master_model_container: 10
2021-02-27 16:39:16,422:INFO:display_container: 2
2021-02-27 16:39:16,422:INFO:GradientBoostingClassifier(ccp_alpha=0.0, criterion='friedman_mse', init=None,
                           learning_rate=0.1, loss='deviance', max_depth=3,
                           max_features=None, max_leaf_nodes=None,
                           min_impurity_decrease=0.0, min_impurity_split=None,
                           min_samples_leaf=1, min_samples_split=2,
                           min_weight_fraction_leaf=0.0, n_estimators=100,
                           n_iter_no_change=None, presort='deprecated',
                           random_state=6684, subsample=1.0, tol=0.0001,
                           validation_fraction=0.1, verbose=0,
                           warm_start=False)
2021-02-27 16:39:16,423:INFO:create_model() succesfully completed......................................
2021-02-27 16:39:16,514:INFO:SubProcess create_model() end ==================================
2021-02-27 16:39:16,514:INFO:Creating metrics dataframe
2021-02-27 16:39:16,545:INFO:Initializing Linear Discriminant Analysis
2021-02-27 16:39:16,545:INFO:Total runtime is 5.436994000275929 minutes
2021-02-27 16:39:16,553:INFO:SubProcess create_model() called ==================================
2021-02-27 16:39:16,554:INFO:Initializing create_model()
2021-02-27 16:39:16,554:INFO:create_model(kwargs={}, display=<pycaret.internal.Display.Display object at 0x7f8fdccd96d8>, metrics=None, system=False, verbose=False, refit=False, groups=None, fit_kwargs={}, predict=True, cross_validation=True, round=4, fold=StratifiedKFold(n_splits=10, random_state=6684, shuffle=False), estimator=lda)
2021-02-27 16:39:16,554:INFO:Checking exceptions
2021-02-27 16:39:16,554:INFO:Importing libraries
2021-02-27 16:39:16,554:INFO:Copying training dataset
2021-02-27 16:39:16,562:INFO:Defining folds
2021-02-27 16:39:16,562:INFO:Declaring metric variables
2021-02-27 16:39:16,570:INFO:Importing untrained model
2021-02-27 16:39:16,579:INFO:Linear Discriminant Analysis Imported succesfully
2021-02-27 16:39:16,597:INFO:Starting cross validation
2021-02-27 16:39:16,597:INFO:Cross validating with StratifiedKFold(n_splits=10, random_state=6684, shuffle=False), n_jobs=-1
2021-02-27 16:39:30,278:INFO:Calculating mean and std
2021-02-27 16:39:30,281:INFO:Creating metrics dataframe
2021-02-27 16:39:30,287:INFO:Uploading results into container
2021-02-27 16:39:30,287:INFO:Uploading model into container now
2021-02-27 16:39:30,287:INFO:create_model_container: 11
2021-02-27 16:39:30,287:INFO:master_model_container: 11
2021-02-27 16:39:30,287:INFO:display_container: 2
2021-02-27 16:39:30,288:INFO:LinearDiscriminantAnalysis(n_components=None, priors=None, shrinkage=None,
                           solver='svd', store_covariance=False, tol=0.0001)
2021-02-27 16:39:30,288:INFO:create_model() succesfully completed......................................
2021-02-27 16:39:30,377:INFO:SubProcess create_model() end ==================================
2021-02-27 16:39:30,377:INFO:Creating metrics dataframe
2021-02-27 16:39:30,409:INFO:Initializing Extra Trees Classifier
2021-02-27 16:39:30,409:INFO:Total runtime is 5.668062114715576 minutes
2021-02-27 16:39:30,418:INFO:SubProcess create_model() called ==================================
2021-02-27 16:39:30,419:INFO:Initializing create_model()
2021-02-27 16:39:30,419:INFO:create_model(kwargs={}, display=<pycaret.internal.Display.Display object at 0x7f8fdccd96d8>, metrics=None, system=False, verbose=False, refit=False, groups=None, fit_kwargs={}, predict=True, cross_validation=True, round=4, fold=StratifiedKFold(n_splits=10, random_state=6684, shuffle=False), estimator=et)
2021-02-27 16:39:30,419:INFO:Checking exceptions
2021-02-27 16:39:30,419:INFO:Importing libraries
2021-02-27 16:39:30,419:INFO:Copying training dataset
2021-02-27 16:39:30,427:INFO:Defining folds
2021-02-27 16:39:30,427:INFO:Declaring metric variables
2021-02-27 16:39:30,435:INFO:Importing untrained model
2021-02-27 16:39:30,445:INFO:Extra Trees Classifier Imported succesfully
2021-02-27 16:39:30,463:INFO:Starting cross validation
2021-02-27 16:39:30,463:INFO:Cross validating with StratifiedKFold(n_splits=10, random_state=6684, shuffle=False), n_jobs=-1
2021-02-27 16:40:32,519:INFO:Calculating mean and std
2021-02-27 16:40:32,522:INFO:Creating metrics dataframe
2021-02-27 16:40:32,529:INFO:Uploading results into container
2021-02-27 16:40:32,529:INFO:Uploading model into container now
2021-02-27 16:40:32,529:INFO:create_model_container: 12
2021-02-27 16:40:32,529:INFO:master_model_container: 12
2021-02-27 16:40:32,529:INFO:display_container: 2
2021-02-27 16:40:32,530:INFO:ExtraTreesClassifier(bootstrap=False, ccp_alpha=0.0, class_weight=None,
                     criterion='gini', max_depth=None, max_features='auto',
                     max_leaf_nodes=None, max_samples=None,
                     min_impurity_decrease=0.0, min_impurity_split=None,
                     min_samples_leaf=1, min_samples_split=2,
                     min_weight_fraction_leaf=0.0, n_estimators=100, n_jobs=-1,
                     oob_score=False, random_state=6684, verbose=0,
                     warm_start=False)
2021-02-27 16:40:32,530:INFO:create_model() succesfully completed......................................
2021-02-27 16:40:32,624:INFO:SubProcess create_model() end ==================================
2021-02-27 16:40:32,624:INFO:Creating metrics dataframe
2021-02-27 16:40:32,656:INFO:Initializing Extreme Gradient Boosting
2021-02-27 16:40:32,656:INFO:Total runtime is 6.705504850546518 minutes
2021-02-27 16:40:32,664:INFO:SubProcess create_model() called ==================================
2021-02-27 16:40:32,664:INFO:Initializing create_model()
2021-02-27 16:40:32,664:INFO:create_model(kwargs={}, display=<pycaret.internal.Display.Display object at 0x7f8fdccd96d8>, metrics=None, system=False, verbose=False, refit=False, groups=None, fit_kwargs={}, predict=True, cross_validation=True, round=4, fold=StratifiedKFold(n_splits=10, random_state=6684, shuffle=False), estimator=xgboost)
2021-02-27 16:40:32,664:INFO:Checking exceptions
2021-02-27 16:40:32,665:INFO:Importing libraries
2021-02-27 16:40:32,665:INFO:Copying training dataset
2021-02-27 16:40:32,675:INFO:Defining folds
2021-02-27 16:40:32,675:INFO:Declaring metric variables
2021-02-27 16:40:32,683:INFO:Importing untrained model
2021-02-27 16:40:32,692:INFO:Extreme Gradient Boosting Imported succesfully
2021-02-27 16:40:32,710:INFO:Starting cross validation
2021-02-27 16:40:32,712:INFO:Cross validating with StratifiedKFold(n_splits=10, random_state=6684, shuffle=False), n_jobs=-1
2021-02-27 16:41:41,351:INFO:Calculating mean and std
2021-02-27 16:41:41,352:INFO:Creating metrics dataframe
2021-02-27 16:41:41,358:INFO:Uploading results into container
2021-02-27 16:41:41,358:INFO:Uploading model into container now
2021-02-27 16:41:41,359:INFO:create_model_container: 13
2021-02-27 16:41:41,359:INFO:master_model_container: 13
2021-02-27 16:41:41,359:INFO:display_container: 2
2021-02-27 16:41:41,360:INFO:XGBClassifier(base_score=None, booster='gbtree', colsample_bylevel=None,
              colsample_bynode=None, colsample_bytree=None, gamma=None,
              gpu_id=None, importance_type='gain', interaction_constraints=None,
              learning_rate=None, max_delta_step=None, max_depth=None,
              min_child_weight=None, missing=nan, monotone_constraints=None,
              n_estimators=100, n_jobs=-1, num_parallel_tree=None,
              objective='binary:logistic', random_state=6684, reg_alpha=None,
              reg_lambda=None, scale_pos_weight=None, subsample=None,
              tree_method='auto', use_label_encoder=True,
              validate_parameters=None, verbosity=0)
2021-02-27 16:41:41,360:INFO:create_model() succesfully completed......................................
2021-02-27 16:41:41,451:INFO:SubProcess create_model() end ==================================
2021-02-27 16:41:41,451:INFO:Creating metrics dataframe
2021-02-27 16:41:41,484:INFO:Initializing Light Gradient Boosting Machine
2021-02-27 16:41:41,484:INFO:Total runtime is 7.852644566694894 minutes
2021-02-27 16:41:41,493:INFO:SubProcess create_model() called ==================================
2021-02-27 16:41:41,493:INFO:Initializing create_model()
2021-02-27 16:41:41,493:INFO:create_model(kwargs={}, display=<pycaret.internal.Display.Display object at 0x7f8fdccd96d8>, metrics=None, system=False, verbose=False, refit=False, groups=None, fit_kwargs={}, predict=True, cross_validation=True, round=4, fold=StratifiedKFold(n_splits=10, random_state=6684, shuffle=False), estimator=lightgbm)
2021-02-27 16:41:41,494:INFO:Checking exceptions
2021-02-27 16:41:41,494:INFO:Importing libraries
2021-02-27 16:41:41,494:INFO:Copying training dataset
2021-02-27 16:41:41,501:INFO:Defining folds
2021-02-27 16:41:41,502:INFO:Declaring metric variables
2021-02-27 16:41:41,510:INFO:Importing untrained model
2021-02-27 16:41:41,518:INFO:Light Gradient Boosting Machine Imported succesfully
2021-02-27 16:41:41,533:INFO:Starting cross validation
2021-02-27 16:41:41,533:INFO:Cross validating with StratifiedKFold(n_splits=10, random_state=6684, shuffle=False), n_jobs=-1
2021-02-27 16:48:20,686:INFO:Calculating mean and std
2021-02-27 16:48:20,688:INFO:Creating metrics dataframe
2021-02-27 16:48:20,694:INFO:Uploading results into container
2021-02-27 16:48:20,694:INFO:Uploading model into container now
2021-02-27 16:48:20,694:INFO:create_model_container: 14
2021-02-27 16:48:20,694:INFO:master_model_container: 14
2021-02-27 16:48:20,694:INFO:display_container: 2
2021-02-27 16:48:20,695:INFO:LGBMClassifier(boosting_type='gbdt', class_weight=None, colsample_bytree=1.0,
               importance_type='split', learning_rate=0.1, max_depth=-1,
               min_child_samples=20, min_child_weight=0.001, min_split_gain=0.0,
               n_estimators=100, n_jobs=-1, num_leaves=31, objective=None,
               random_state=6684, reg_alpha=0.0, reg_lambda=0.0, silent=True,
               subsample=1.0, subsample_for_bin=200000, subsample_freq=0)
2021-02-27 16:48:20,695:INFO:create_model() succesfully completed......................................
2021-02-27 16:48:20,804:INFO:SubProcess create_model() end ==================================
2021-02-27 16:48:20,804:INFO:Creating metrics dataframe
2021-02-27 16:48:20,837:INFO:Initializing CatBoost Classifier
2021-02-27 16:48:20,838:INFO:Total runtime is 14.508537280559539 minutes
2021-02-27 16:48:20,846:INFO:SubProcess create_model() called ==================================
2021-02-27 16:48:20,846:INFO:Initializing create_model()
2021-02-27 16:48:20,846:INFO:create_model(kwargs={}, display=<pycaret.internal.Display.Display object at 0x7f8fdccd96d8>, metrics=None, system=False, verbose=False, refit=False, groups=None, fit_kwargs={}, predict=True, cross_validation=True, round=4, fold=StratifiedKFold(n_splits=10, random_state=6684, shuffle=False), estimator=catboost)
2021-02-27 16:48:20,846:INFO:Checking exceptions
2021-02-27 16:48:20,847:INFO:Importing libraries
2021-02-27 16:48:20,847:INFO:Copying training dataset
2021-02-27 16:48:20,855:INFO:Defining folds
2021-02-27 16:48:20,855:INFO:Declaring metric variables
2021-02-27 16:48:20,863:INFO:Importing untrained model
2021-02-27 16:48:20,871:INFO:CatBoost Classifier Imported succesfully
2021-02-27 16:48:20,886:INFO:Starting cross validation
2021-02-27 16:48:20,890:INFO:Cross validating with StratifiedKFold(n_splits=10, random_state=6684, shuffle=False), n_jobs=-1
2021-02-27 16:50:49,547:INFO:Calculating mean and std
2021-02-27 16:50:49,550:INFO:Creating metrics dataframe
2021-02-27 16:50:49,557:INFO:Uploading results into container
2021-02-27 16:50:49,558:INFO:Uploading model into container now
2021-02-27 16:50:49,558:INFO:create_model_container: 15
2021-02-27 16:50:49,558:INFO:master_model_container: 15
2021-02-27 16:50:49,558:INFO:display_container: 2
2021-02-27 16:50:49,558:INFO:<catboost.core.CatBoostClassifier object at 0x7f8fdd8b99b0>
2021-02-27 16:50:49,558:INFO:create_model() succesfully completed......................................
2021-02-27 16:50:49,669:INFO:SubProcess create_model() end ==================================
2021-02-27 16:50:49,669:INFO:Creating metrics dataframe
2021-02-27 16:50:49,723:INFO:Initializing create_model()
2021-02-27 16:50:49,723:INFO:create_model(kwargs={}, display=None, metrics=None, system=False, verbose=False, refit=True, groups=None, fit_kwargs={}, predict=False, cross_validation=False, round=4, fold=StratifiedKFold(n_splits=10, random_state=6684, shuffle=False), estimator=<catboost.core.CatBoostClassifier object at 0x7f8fdd8b99b0>)
2021-02-27 16:50:49,723:INFO:Checking exceptions
2021-02-27 16:50:49,723:INFO:Importing libraries
2021-02-27 16:50:49,723:INFO:Copying training dataset
2021-02-27 16:50:49,745:INFO:Defining folds
2021-02-27 16:50:49,746:INFO:Declaring metric variables
2021-02-27 16:50:49,746:INFO:Importing untrained model
2021-02-27 16:50:49,746:INFO:Declaring custom model
2021-02-27 16:50:49,746:INFO:CatBoost Classifier Imported succesfully
2021-02-27 16:50:49,747:INFO:Cross validation set to False
2021-02-27 16:50:49,747:INFO:Fitting Model
2021-02-27 16:51:00,836:INFO:<catboost.core.CatBoostClassifier object at 0x7f8fd32aee80>
2021-02-27 16:51:00,836:INFO:create_models() succesfully completed......................................
2021-02-27 16:51:00,989:INFO:create_model_container: 15
2021-02-27 16:51:00,989:INFO:master_model_container: 15
2021-02-27 16:51:00,989:INFO:display_container: 2
2021-02-27 16:51:00,990:INFO:<catboost.core.CatBoostClassifier object at 0x7f8fd32aee80>
2021-02-27 16:51:00,990:INFO:compare_models() succesfully completed......................................
2021-02-28 10:13:55,669:INFO:PyCaret Supervised Module
2021-02-28 10:13:55,670:INFO:ML Usecase: classification
2021-02-28 10:13:55,670:INFO:version 2.2.3
2021-02-28 10:13:55,670:INFO:Initializing setup()
2021-02-28 10:13:55,670:INFO:setup(display=None, profile_kwargs=None, profile=False, verbose=False, silent=True, log_data=False, log_profile=False, log_plots=False, experiment_name=None, log_experiment=False, session_id=None, html=True, custom_pipeline=None, use_gpu=False, n_jobs=-1, fold_groups=None, fold_shuffle=False, fold=10, fold_strategy=stratifiedkfold, data_split_stratify=True, data_split_shuffle=True, transform_target_method=box-cox, transform_target=False, fix_imbalance_method=None, fix_imbalance=False, interaction_threshold=0.01, feature_ratio=False, feature_interaction=False, feature_selection_method=classic, feature_selection_threshold=0.8, feature_selection=False, group_names=None, group_features=None, polynomial_threshold=0.1, trigonometry_features=False, polynomial_degree=2, polynomial_features=False, cluster_iter=20, create_clusters=False, remove_perfect_collinearity=True, multicollinearity_threshold=0.9, remove_multicollinearity=False, outliers_threshold=0.05, remove_outliers=False, bin_numeric_features=None, rare_level_threshold=0.1, combine_rare_levels=False, ignore_low_variance=True, pca_components=None, pca_method=linear, pca=False, unknown_categorical_method=least_frequent, handle_unknown_categorical=True, transformation_method=yeo-johnson, transformation=False, normalize_method=zscore, normalize=True, ignore_features=['PatientId', 'AppointmentID'], date_features=None, numeric_iterative_imputer=lightgbm, numeric_imputation=mean, numeric_features=['Age', 'Appointment_year', 'Appointment_month', 'Appointment_day', 'Register_year', 'Register_month', 'Register_day', 'Register_hour', 'waiting_time'], high_cardinality_method=frequency, high_cardinality_features=None, ordinal_features={}, categorical_iterative_imputer=lightgbm, categorical_imputation=constant, categorical_features=['Gender', 'Scholarship', 'Hipertension', 'Diabetes', 'Alcoholism', 'Handicap', 'SMS_received', 'Appointment_day_name', 'Register_day_name'], iterative_imputation_iters=5, imputation_type=simple, preprocess=True, test_data=           PatientId  AppointmentID Gender  Age      Neighbourhood  \
84674   2.759575e+13        5756417      F   20  ILHA DAS CAIEIRAS   
3635    9.673194e+14        5523159      F   37        RESISTÊNCIA   
16605   3.951641e+12        5693080      F   38        MARIA ORTIZ   
103942  9.173245e+14        5654129      F   24        SANTO ANDRÉ   
274     3.995366e+12        5641070      F   41        MARIA ORTIZ   
...              ...            ...    ...  ...                ...   
77440   5.134886e+13        5665127      F   10         BELA VISTA   
84883   5.821357e+13        5774289      F    4             CENTRO   
57918   1.681822e+13        5641394      F   29          CONQUISTA   
80372   5.649478e+08        5648719      M   58            MARUÍPE   
77165   7.135659e+13        5660686      M   32      SANTO ANTÔNIO   

        Scholarship  Hipertension  Diabetes  Alcoholism  Handicap  ...  \
84674             0             0         0           0         0  ...   
3635              0             0         0           0         0  ...   
16605             0             0         0           0         0  ...   
103942            0             0         0           0         0  ...   
274               0             0         0           0         0  ...   
...             ...           ...       ...         ...       ...  ...   
77440             0             0         0           0         0  ...   
84883             0             0         0           0         0  ...   
57918             1             0         0           0         0  ...   
80372             0             0         0           0         0  ...   
77165             0             0         0           0         0  ...   

        Appointment_month  Appointment_day  Appointment_day_name  \
84674                   6                1             Wednesday   
3635                    5                3               Tuesday   
16605                   5               20                Friday   
103942                  6                3                Friday   
274                     4               29                Friday   
...                   ...              ...                   ...   
77440                   5               13                Friday   
84883                   6                6                Monday   
57918                   5               12              Thursday   
80372                   5                5              Thursday   
77165                   5               11             Wednesday   

        Register_year Register_month  Register_day  Register_day_name  \
84674            2016              6             1          Wednesday   
3635             2016              3            29            Tuesday   
16605            2016              5            12           Thursday   
103942           2016              5             3            Tuesday   
274              2016              4            29             Friday   
...               ...            ...           ...                ...   
77440            2016              5             5           Thursday   
84883            2016              6             6             Monday   
57918            2016              4            29             Friday   
80372            2016              5             2             Monday   
77165            2016              5             4          Wednesday   

        Register_hour waiting_time  No-show  
84674               8           -1       No  
3635               16           34       No  
16605              17            7      Yes  
103942             13           30      Yes  
274                12           -1       No  
...               ...          ...      ...  
77440              13            7       No  
84883               8           -1       No  
57918              13           12       No  
80372              16            2       No  
77165              17            6       No  

[44211 rows x 22 columns], train_size=0.7, available_plots={'parameter': 'Hyperparameters', 'auc': 'AUC', 'confusion_matrix': 'Confusion Matrix', 'threshold': 'Threshold', 'pr': 'Precision Recall', 'error': 'Prediction Error', 'class_report': 'Class Report', 'rfe': 'Feature Selection', 'learning': 'Learning Curve', 'manifold': 'Manifold Learning', 'calibration': 'Calibration Curve', 'vc': 'Validation Curve', 'dimension': 'Dimensions', 'feature': 'Feature Importance', 'feature_all': 'Feature Importance (All)', 'boundary': 'Decision Boundary', 'lift': 'Lift Chart', 'gain': 'Gain Chart', 'tree': 'Decision Tree'}, ml_usecase=classification, target=No-show)
2021-02-28 10:13:55,670:INFO:Checking environment
2021-02-28 10:13:55,670:INFO:python_version: 3.6.12
2021-02-28 10:13:55,670:INFO:python_build: ('default', 'Sep  8 2020 17:50:39')
2021-02-28 10:13:55,670:INFO:machine: x86_64
2021-02-28 10:13:55,671:INFO:platform: Darwin-19.6.0-x86_64-i386-64bit
2021-02-28 10:13:55,671:WARNING:cannot find psutil installation. memory not traceable. Install psutil using pip to enable memory logging.
2021-02-28 10:13:55,671:INFO:Checking libraries
2021-02-28 10:13:55,671:INFO:pd==1.1.4
2021-02-28 10:13:55,671:INFO:numpy==1.19.5
2021-02-28 10:13:55,672:INFO:sklearn==0.23.2
2021-02-28 10:13:55,672:INFO:xgboost==1.3.3
2021-02-28 10:13:55,672:INFO:lightgbm==3.1.1
2021-02-28 10:13:55,672:INFO:catboost==0.24.4
2021-02-28 10:13:55,672:INFO:mlflow==1.13.1
2021-02-28 10:13:55,672:INFO:Checking Exceptions
2021-02-28 10:13:55,672:INFO:Declaring global variables
2021-02-28 10:13:55,672:INFO:USI: 1ec4
2021-02-28 10:13:55,672:INFO:pycaret_globals: {'pycaret_globals', 'exp_name_log', 'imputation_classifier', 'fold_generator', '_ml_usecase', 'fold_groups_param', 'log_plots_param', 'fold_param', 'fix_imbalance_param', 'master_model_container', 'prep_pipe', 'transform_target_method_param', 'n_jobs_param', 'X_train', 'y', '_all_metrics', '_all_models_internal', 'logging_param', '_gpu_n_jobs_param', '_all_models', 'y_train', 'gpu_param', 'imputation_regressor', 'fold_shuffle_param', 'seed', 'fix_imbalance_method_param', 'display_container', 'data_before_preprocess', '_internal_pipeline', 'X', 'USI', 'experiment__', 'html_param', 'X_test', 'create_model_container', 'stratify_param', 'iterative_imputation_iters_param', 'y_test', 'transform_target_param', 'target_param', '_available_plots'}
2021-02-28 10:13:55,672:INFO:Preparing display monitor
2021-02-28 10:13:55,673:INFO:Importing libraries
2021-02-28 10:13:55,673:INFO:Copying data for preprocessing
2021-02-28 10:13:55,684:INFO:Declaring preprocessing parameters
2021-02-28 10:13:55,739:INFO:Creating preprocessing pipeline
2021-02-28 10:13:55,907:INFO:Preprocessing pipeline created successfully
2021-02-28 10:13:55,908:ERROR:(Process Exit): setup has been interupted with user command 'quit'. setup must rerun.
2021-02-28 10:13:55,908:INFO:Creating global containers
2021-02-28 10:13:55,908:INFO:Internal pipeline: Pipeline(memory=None, steps=[('empty_step', 'passthrough')], verbose=False)
2021-02-28 10:14:02,542:INFO:Creating grid variables
2021-02-28 10:14:02,579:INFO:create_model_container: 0
2021-02-28 10:14:02,579:INFO:master_model_container: 0
2021-02-28 10:14:02,579:INFO:display_container: 1
2021-02-28 10:14:02,587:INFO:Pipeline(memory=None,
         steps=[('dtypes',
                 DataTypes_Auto_infer(categorical_features=['Gender',
                                                            'Scholarship',
                                                            'Hipertension',
                                                            'Diabetes',
                                                            'Alcoholism',
                                                            'Handicap',
                                                            'SMS_received',
                                                            'Appointment_day_name',
                                                            'Register_day_name'],
                                      display_types=False,
                                      features_todrop=['PatientId',
                                                       'AppointmentID'],
                                      id_columns=[],
                                      ml_usecase='classification',
                                      numerical_features=['Age',
                                                          'Ap...
                ('P_transform', 'passthrough'), ('binn', 'passthrough'),
                ('rem_outliers', 'passthrough'), ('cluster_all', 'passthrough'),
                ('dummy', Dummify(target='No-show')),
                ('fix_perfect', Remove_100(target='No-show')),
                ('clean_names', Clean_Colum_Names()),
                ('feature_select', 'passthrough'), ('fix_multi', 'passthrough'),
                ('dfs', 'passthrough'), ('pca', 'passthrough')],
         verbose=False)
2021-02-28 10:14:02,587:INFO:setup() succesfully completed......................................
2021-02-28 10:14:08,934:INFO:Initializing compare_models()
2021-02-28 10:14:08,934:INFO:compare_models(display=None, verbose=True, groups=None, fit_kwargs=None, errors=ignore, turbo=True, budget_time=None, n_select=1, sort=AUC, cross_validation=True, round=4, fold=None, include=None, exclude=None)
2021-02-28 10:14:08,934:INFO:Checking exceptions
2021-02-28 10:14:08,936:INFO:Preparing display monitor
2021-02-28 10:14:08,936:INFO:Preparing display monitor
2021-02-28 10:14:08,966:INFO:Initializing Logistic Regression
2021-02-28 10:14:08,967:INFO:Total runtime is 3.1034151713053387e-06 minutes
2021-02-28 10:14:08,978:INFO:SubProcess create_model() called ==================================
2021-02-28 10:14:08,979:INFO:Initializing create_model()
2021-02-28 10:14:08,979:INFO:create_model(kwargs={}, display=<pycaret.internal.Display.Display object at 0x7f900d78da20>, metrics=None, system=False, verbose=False, refit=False, groups=None, fit_kwargs={}, predict=True, cross_validation=True, round=4, fold=StratifiedKFold(n_splits=10, random_state=4323, shuffle=False), estimator=lr)
2021-02-28 10:14:08,979:INFO:Checking exceptions
2021-02-28 10:14:08,979:INFO:Importing libraries
2021-02-28 10:14:08,980:INFO:Copying training dataset
2021-02-28 10:14:09,009:INFO:Defining folds
2021-02-28 10:14:09,009:INFO:Declaring metric variables
2021-02-28 10:14:09,018:INFO:Importing untrained model
2021-02-28 10:14:09,028:INFO:Logistic Regression Imported succesfully
2021-02-28 10:14:09,047:INFO:Starting cross validation
2021-02-28 10:14:09,048:INFO:Cross validating with StratifiedKFold(n_splits=10, random_state=4323, shuffle=False), n_jobs=-1
2021-02-28 10:15:05,942:INFO:Calculating mean and std
2021-02-28 10:15:05,946:INFO:Creating metrics dataframe
2021-02-28 10:15:05,956:INFO:Uploading results into container
2021-02-28 10:15:05,957:INFO:Uploading model into container now
2021-02-28 10:15:05,957:INFO:create_model_container: 1
2021-02-28 10:15:05,957:INFO:master_model_container: 1
2021-02-28 10:15:05,957:INFO:display_container: 2
2021-02-28 10:15:05,959:INFO:LogisticRegression(C=1.0, class_weight=None, dual=False, fit_intercept=True,
                   intercept_scaling=1, l1_ratio=None, max_iter=1000,
                   multi_class='auto', n_jobs=None, penalty='l2',
                   random_state=4323, solver='lbfgs', tol=0.0001, verbose=0,
                   warm_start=False)
2021-02-28 10:15:05,959:INFO:create_model() succesfully completed......................................
2021-02-28 10:15:06,101:INFO:SubProcess create_model() end ==================================
2021-02-28 10:15:06,101:INFO:Creating metrics dataframe
2021-02-28 10:15:06,126:INFO:Initializing K Neighbors Classifier
2021-02-28 10:15:06,127:INFO:Total runtime is 0.9526732166608175 minutes
2021-02-28 10:15:06,137:INFO:SubProcess create_model() called ==================================
2021-02-28 10:15:06,137:INFO:Initializing create_model()
2021-02-28 10:15:06,138:INFO:create_model(kwargs={}, display=<pycaret.internal.Display.Display object at 0x7f900d78da20>, metrics=None, system=False, verbose=False, refit=False, groups=None, fit_kwargs={}, predict=True, cross_validation=True, round=4, fold=StratifiedKFold(n_splits=10, random_state=4323, shuffle=False), estimator=knn)
2021-02-28 10:15:06,138:INFO:Checking exceptions
2021-02-28 10:15:06,138:INFO:Importing libraries
2021-02-28 10:15:06,138:INFO:Copying training dataset
2021-02-28 10:15:06,189:INFO:Defining folds
2021-02-28 10:15:06,190:INFO:Declaring metric variables
2021-02-28 10:15:06,198:INFO:Importing untrained model
2021-02-28 10:15:06,206:INFO:K Neighbors Classifier Imported succesfully
2021-02-28 10:15:06,221:INFO:Starting cross validation
2021-02-28 10:15:06,221:INFO:Cross validating with StratifiedKFold(n_splits=10, random_state=4323, shuffle=False), n_jobs=-1
2021-02-28 10:18:55,234:INFO:Calculating mean and std
2021-02-28 10:18:55,235:INFO:Creating metrics dataframe
2021-02-28 10:18:55,241:INFO:Uploading results into container
2021-02-28 10:18:55,241:INFO:Uploading model into container now
2021-02-28 10:18:55,241:INFO:create_model_container: 2
2021-02-28 10:18:55,241:INFO:master_model_container: 2
2021-02-28 10:18:55,241:INFO:display_container: 2
2021-02-28 10:18:55,242:INFO:KNeighborsClassifier(algorithm='auto', leaf_size=30, metric='minkowski',
                     metric_params=None, n_jobs=-1, n_neighbors=5, p=2,
                     weights='uniform')
2021-02-28 10:18:55,242:INFO:create_model() succesfully completed......................................
2021-02-28 10:18:55,332:INFO:SubProcess create_model() end ==================================
2021-02-28 10:18:55,333:INFO:Creating metrics dataframe
2021-02-28 10:18:55,359:INFO:Initializing Naive Bayes
2021-02-28 10:18:55,360:INFO:Total runtime is 4.773219966888428 minutes
2021-02-28 10:18:55,369:INFO:SubProcess create_model() called ==================================
2021-02-28 10:18:55,369:INFO:Initializing create_model()
2021-02-28 10:18:55,369:INFO:create_model(kwargs={}, display=<pycaret.internal.Display.Display object at 0x7f900d78da20>, metrics=None, system=False, verbose=False, refit=False, groups=None, fit_kwargs={}, predict=True, cross_validation=True, round=4, fold=StratifiedKFold(n_splits=10, random_state=4323, shuffle=False), estimator=nb)
2021-02-28 10:18:55,369:INFO:Checking exceptions
2021-02-28 10:18:55,369:INFO:Importing libraries
2021-02-28 10:18:55,370:INFO:Copying training dataset
2021-02-28 10:18:55,379:INFO:Defining folds
2021-02-28 10:18:55,379:INFO:Declaring metric variables
2021-02-28 10:18:55,388:INFO:Importing untrained model
2021-02-28 10:18:55,398:INFO:Naive Bayes Imported succesfully
2021-02-28 10:18:55,418:INFO:Starting cross validation
2021-02-28 10:18:55,419:INFO:Cross validating with StratifiedKFold(n_splits=10, random_state=4323, shuffle=False), n_jobs=-1
2021-02-28 10:18:56,665:INFO:Calculating mean and std
2021-02-28 10:18:56,666:INFO:Creating metrics dataframe
2021-02-28 10:18:56,671:INFO:Uploading results into container
2021-02-28 10:18:56,671:INFO:Uploading model into container now
2021-02-28 10:18:56,671:INFO:create_model_container: 3
2021-02-28 10:18:56,671:INFO:master_model_container: 3
2021-02-28 10:18:56,671:INFO:display_container: 2
2021-02-28 10:18:56,671:INFO:GaussianNB(priors=None, var_smoothing=1e-09)
2021-02-28 10:18:56,671:INFO:create_model() succesfully completed......................................
2021-02-28 10:18:56,766:INFO:SubProcess create_model() end ==================================
2021-02-28 10:18:56,766:INFO:Creating metrics dataframe
2021-02-28 10:18:56,792:INFO:Initializing Decision Tree Classifier
2021-02-28 10:18:56,792:INFO:Total runtime is 4.797091416517894 minutes
2021-02-28 10:18:56,801:INFO:SubProcess create_model() called ==================================
2021-02-28 10:18:56,802:INFO:Initializing create_model()
2021-02-28 10:18:56,802:INFO:create_model(kwargs={}, display=<pycaret.internal.Display.Display object at 0x7f900d78da20>, metrics=None, system=False, verbose=False, refit=False, groups=None, fit_kwargs={}, predict=True, cross_validation=True, round=4, fold=StratifiedKFold(n_splits=10, random_state=4323, shuffle=False), estimator=dt)
2021-02-28 10:18:56,802:INFO:Checking exceptions
2021-02-28 10:18:56,802:INFO:Importing libraries
2021-02-28 10:18:56,802:INFO:Copying training dataset
2021-02-28 10:18:56,812:INFO:Defining folds
2021-02-28 10:18:56,812:INFO:Declaring metric variables
2021-02-28 10:18:56,822:INFO:Importing untrained model
2021-02-28 10:18:56,833:INFO:Decision Tree Classifier Imported succesfully
2021-02-28 10:18:56,853:INFO:Starting cross validation
2021-02-28 10:18:56,854:INFO:Cross validating with StratifiedKFold(n_splits=10, random_state=4323, shuffle=False), n_jobs=-1
2021-02-28 10:19:04,040:INFO:Calculating mean and std
2021-02-28 10:19:04,042:INFO:Creating metrics dataframe
2021-02-28 10:19:04,047:INFO:Uploading results into container
2021-02-28 10:19:04,047:INFO:Uploading model into container now
2021-02-28 10:19:04,047:INFO:create_model_container: 4
2021-02-28 10:19:04,047:INFO:master_model_container: 4
2021-02-28 10:19:04,047:INFO:display_container: 2
2021-02-28 10:19:04,048:INFO:DecisionTreeClassifier(ccp_alpha=0.0, class_weight=None, criterion='gini',
                       max_depth=None, max_features=None, max_leaf_nodes=None,
                       min_impurity_decrease=0.0, min_impurity_split=None,
                       min_samples_leaf=1, min_samples_split=2,
                       min_weight_fraction_leaf=0.0, presort='deprecated',
                       random_state=4323, splitter='best')
2021-02-28 10:19:04,048:INFO:create_model() succesfully completed......................................
2021-02-28 10:19:04,172:INFO:SubProcess create_model() end ==================================
2021-02-28 10:19:04,172:INFO:Creating metrics dataframe
2021-02-28 10:19:04,216:INFO:Initializing SVM - Linear Kernel
2021-02-28 10:19:04,216:INFO:Total runtime is 4.920833671092987 minutes
2021-02-28 10:19:04,233:INFO:SubProcess create_model() called ==================================
2021-02-28 10:19:04,233:INFO:Initializing create_model()
2021-02-28 10:19:04,233:INFO:create_model(kwargs={}, display=<pycaret.internal.Display.Display object at 0x7f900d78da20>, metrics=None, system=False, verbose=False, refit=False, groups=None, fit_kwargs={}, predict=True, cross_validation=True, round=4, fold=StratifiedKFold(n_splits=10, random_state=4323, shuffle=False), estimator=svm)
2021-02-28 10:19:04,234:INFO:Checking exceptions
2021-02-28 10:19:04,234:INFO:Importing libraries
2021-02-28 10:19:04,234:INFO:Copying training dataset
2021-02-28 10:19:04,248:INFO:Defining folds
2021-02-28 10:19:04,249:INFO:Declaring metric variables
2021-02-28 10:19:04,262:INFO:Importing untrained model
2021-02-28 10:19:04,277:INFO:SVM - Linear Kernel Imported succesfully
2021-02-28 10:19:04,311:INFO:Starting cross validation
2021-02-28 10:19:04,313:INFO:Cross validating with StratifiedKFold(n_splits=10, random_state=4323, shuffle=False), n_jobs=-1
2021-02-28 10:19:08,050:INFO:Calculating mean and std
2021-02-28 10:19:08,052:INFO:Creating metrics dataframe
2021-02-28 10:19:08,059:INFO:Uploading results into container
2021-02-28 10:19:08,059:INFO:Uploading model into container now
2021-02-28 10:19:08,059:INFO:create_model_container: 5
2021-02-28 10:19:08,059:INFO:master_model_container: 5
2021-02-28 10:19:08,059:INFO:display_container: 2
2021-02-28 10:19:08,060:INFO:SGDClassifier(alpha=0.0001, average=False, class_weight=None,
              early_stopping=False, epsilon=0.1, eta0=0.001, fit_intercept=True,
              l1_ratio=0.15, learning_rate='optimal', loss='hinge',
              max_iter=1000, n_iter_no_change=5, n_jobs=-1, penalty='l2',
              power_t=0.5, random_state=4323, shuffle=True, tol=0.001,
              validation_fraction=0.1, verbose=0, warm_start=False)
2021-02-28 10:19:08,060:INFO:create_model() succesfully completed......................................
2021-02-28 10:19:08,175:INFO:SubProcess create_model() end ==================================
2021-02-28 10:19:08,175:INFO:Creating metrics dataframe
2021-02-28 10:19:08,208:INFO:Initializing Ridge Classifier
2021-02-28 10:19:08,208:INFO:Total runtime is 4.98735773563385 minutes
2021-02-28 10:19:08,217:INFO:SubProcess create_model() called ==================================
2021-02-28 10:19:08,218:INFO:Initializing create_model()
2021-02-28 10:19:08,218:INFO:create_model(kwargs={}, display=<pycaret.internal.Display.Display object at 0x7f900d78da20>, metrics=None, system=False, verbose=False, refit=False, groups=None, fit_kwargs={}, predict=True, cross_validation=True, round=4, fold=StratifiedKFold(n_splits=10, random_state=4323, shuffle=False), estimator=ridge)
2021-02-28 10:19:08,218:INFO:Checking exceptions
2021-02-28 10:19:08,218:INFO:Importing libraries
2021-02-28 10:19:08,218:INFO:Copying training dataset
2021-02-28 10:19:08,228:INFO:Defining folds
2021-02-28 10:19:08,228:INFO:Declaring metric variables
2021-02-28 10:19:08,236:INFO:Importing untrained model
2021-02-28 10:19:08,245:INFO:Ridge Classifier Imported succesfully
2021-02-28 10:19:08,262:INFO:Starting cross validation
2021-02-28 10:19:08,263:INFO:Cross validating with StratifiedKFold(n_splits=10, random_state=4323, shuffle=False), n_jobs=-1
2021-02-28 10:19:09,144:INFO:Calculating mean and std
2021-02-28 10:19:09,145:INFO:Creating metrics dataframe
2021-02-28 10:19:09,154:INFO:Uploading results into container
2021-02-28 10:19:09,154:INFO:Uploading model into container now
2021-02-28 10:19:09,155:INFO:create_model_container: 6
2021-02-28 10:19:09,155:INFO:master_model_container: 6
2021-02-28 10:19:09,155:INFO:display_container: 2
2021-02-28 10:19:09,156:INFO:RidgeClassifier(alpha=1.0, class_weight=None, copy_X=True, fit_intercept=True,
                max_iter=None, normalize=False, random_state=4323,
                solver='auto', tol=0.001)
2021-02-28 10:19:09,156:INFO:create_model() succesfully completed......................................
2021-02-28 10:19:09,274:INFO:SubProcess create_model() end ==================================
2021-02-28 10:19:09,275:INFO:Creating metrics dataframe
2021-02-28 10:19:09,303:INFO:Initializing Random Forest Classifier
2021-02-28 10:19:09,304:INFO:Total runtime is 5.005621834595998 minutes
2021-02-28 10:19:09,313:INFO:SubProcess create_model() called ==================================
2021-02-28 10:19:09,314:INFO:Initializing create_model()
2021-02-28 10:19:09,314:INFO:create_model(kwargs={}, display=<pycaret.internal.Display.Display object at 0x7f900d78da20>, metrics=None, system=False, verbose=False, refit=False, groups=None, fit_kwargs={}, predict=True, cross_validation=True, round=4, fold=StratifiedKFold(n_splits=10, random_state=4323, shuffle=False), estimator=rf)
2021-02-28 10:19:09,314:INFO:Checking exceptions
2021-02-28 10:19:09,314:INFO:Importing libraries
2021-02-28 10:19:09,314:INFO:Copying training dataset
2021-02-28 10:19:09,324:INFO:Defining folds
2021-02-28 10:19:09,324:INFO:Declaring metric variables
2021-02-28 10:19:09,333:INFO:Importing untrained model
2021-02-28 10:19:09,342:INFO:Random Forest Classifier Imported succesfully
2021-02-28 10:19:09,361:INFO:Starting cross validation
2021-02-28 10:19:09,361:INFO:Cross validating with StratifiedKFold(n_splits=10, random_state=4323, shuffle=False), n_jobs=-1
2021-02-28 10:20:17,451:INFO:Calculating mean and std
2021-02-28 10:20:17,453:INFO:Creating metrics dataframe
2021-02-28 10:20:17,462:INFO:Uploading results into container
2021-02-28 10:20:17,463:INFO:Uploading model into container now
2021-02-28 10:20:17,463:INFO:create_model_container: 7
2021-02-28 10:20:17,463:INFO:master_model_container: 7
2021-02-28 10:20:17,463:INFO:display_container: 2
2021-02-28 10:20:17,464:INFO:RandomForestClassifier(bootstrap=True, ccp_alpha=0.0, class_weight=None,
                       criterion='gini', max_depth=None, max_features='auto',
                       max_leaf_nodes=None, max_samples=None,
                       min_impurity_decrease=0.0, min_impurity_split=None,
                       min_samples_leaf=1, min_samples_split=2,
                       min_weight_fraction_leaf=0.0, n_estimators=100,
                       n_jobs=-1, oob_score=False, random_state=4323, verbose=0,
                       warm_start=False)
2021-02-28 10:20:17,464:INFO:create_model() succesfully completed......................................
2021-02-28 10:20:17,589:INFO:SubProcess create_model() end ==================================
2021-02-28 10:20:17,590:INFO:Creating metrics dataframe
2021-02-28 10:20:17,620:INFO:Initializing Quadratic Discriminant Analysis
2021-02-28 10:20:17,620:INFO:Total runtime is 6.144226221243541 minutes
2021-02-28 10:20:17,631:INFO:SubProcess create_model() called ==================================
2021-02-28 10:20:17,632:INFO:Initializing create_model()
2021-02-28 10:20:17,632:INFO:create_model(kwargs={}, display=<pycaret.internal.Display.Display object at 0x7f900d78da20>, metrics=None, system=False, verbose=False, refit=False, groups=None, fit_kwargs={}, predict=True, cross_validation=True, round=4, fold=StratifiedKFold(n_splits=10, random_state=4323, shuffle=False), estimator=qda)
2021-02-28 10:20:17,632:INFO:Checking exceptions
2021-02-28 10:20:17,632:INFO:Importing libraries
2021-02-28 10:20:17,632:INFO:Copying training dataset
2021-02-28 10:20:17,642:INFO:Defining folds
2021-02-28 10:20:17,643:INFO:Declaring metric variables
2021-02-28 10:20:17,653:INFO:Importing untrained model
2021-02-28 10:20:17,663:INFO:Quadratic Discriminant Analysis Imported succesfully
2021-02-28 10:20:17,682:INFO:Starting cross validation
2021-02-28 10:20:17,683:INFO:Cross validating with StratifiedKFold(n_splits=10, random_state=4323, shuffle=False), n_jobs=-1
2021-02-28 10:20:37,916:INFO:Calculating mean and std
2021-02-28 10:20:37,918:INFO:Creating metrics dataframe
2021-02-28 10:20:37,923:INFO:Uploading results into container
2021-02-28 10:20:37,923:INFO:Uploading model into container now
2021-02-28 10:20:37,923:INFO:create_model_container: 8
2021-02-28 10:20:37,923:INFO:master_model_container: 8
2021-02-28 10:20:37,924:INFO:display_container: 2
2021-02-28 10:20:37,924:INFO:QuadraticDiscriminantAnalysis(priors=None, reg_param=0.0,
                              store_covariance=False, tol=0.0001)
2021-02-28 10:20:37,924:INFO:create_model() succesfully completed......................................
2021-02-28 10:20:38,027:INFO:SubProcess create_model() end ==================================
2021-02-28 10:20:38,027:INFO:Creating metrics dataframe
2021-02-28 10:20:38,058:INFO:Initializing Ada Boost Classifier
2021-02-28 10:20:38,058:INFO:Total runtime is 6.484862383206686 minutes
2021-02-28 10:20:38,067:INFO:SubProcess create_model() called ==================================
2021-02-28 10:20:38,068:INFO:Initializing create_model()
2021-02-28 10:20:38,068:INFO:create_model(kwargs={}, display=<pycaret.internal.Display.Display object at 0x7f900d78da20>, metrics=None, system=False, verbose=False, refit=False, groups=None, fit_kwargs={}, predict=True, cross_validation=True, round=4, fold=StratifiedKFold(n_splits=10, random_state=4323, shuffle=False), estimator=ada)
2021-02-28 10:20:38,068:INFO:Checking exceptions
2021-02-28 10:20:38,068:INFO:Importing libraries
2021-02-28 10:20:38,068:INFO:Copying training dataset
2021-02-28 10:20:38,077:INFO:Defining folds
2021-02-28 10:20:38,078:INFO:Declaring metric variables
2021-02-28 10:20:38,086:INFO:Importing untrained model
2021-02-28 10:20:38,095:INFO:Ada Boost Classifier Imported succesfully
2021-02-28 10:20:38,112:INFO:Starting cross validation
2021-02-28 10:20:38,113:INFO:Cross validating with StratifiedKFold(n_splits=10, random_state=4323, shuffle=False), n_jobs=-1
2021-02-28 10:20:52,802:INFO:Calculating mean and std
2021-02-28 10:20:52,803:INFO:Creating metrics dataframe
2021-02-28 10:20:52,809:INFO:Uploading results into container
2021-02-28 10:20:52,809:INFO:Uploading model into container now
2021-02-28 10:20:52,809:INFO:create_model_container: 9
2021-02-28 10:20:52,809:INFO:master_model_container: 9
2021-02-28 10:20:52,809:INFO:display_container: 2
2021-02-28 10:20:52,810:INFO:AdaBoostClassifier(algorithm='SAMME.R', base_estimator=None, learning_rate=1.0,
                   n_estimators=50, random_state=4323)
2021-02-28 10:20:52,810:INFO:create_model() succesfully completed......................................
2021-02-28 10:20:52,905:INFO:SubProcess create_model() end ==================================
2021-02-28 10:20:52,905:INFO:Creating metrics dataframe
2021-02-28 10:20:52,936:INFO:Initializing Gradient Boosting Classifier
2021-02-28 10:20:52,936:INFO:Total runtime is 6.732823352018992 minutes
2021-02-28 10:20:52,945:INFO:SubProcess create_model() called ==================================
2021-02-28 10:20:52,945:INFO:Initializing create_model()
2021-02-28 10:20:52,945:INFO:create_model(kwargs={}, display=<pycaret.internal.Display.Display object at 0x7f900d78da20>, metrics=None, system=False, verbose=False, refit=False, groups=None, fit_kwargs={}, predict=True, cross_validation=True, round=4, fold=StratifiedKFold(n_splits=10, random_state=4323, shuffle=False), estimator=gbc)
2021-02-28 10:20:52,945:INFO:Checking exceptions
2021-02-28 10:20:52,946:INFO:Importing libraries
2021-02-28 10:20:52,946:INFO:Copying training dataset
2021-02-28 10:20:52,955:INFO:Defining folds
2021-02-28 10:20:52,955:INFO:Declaring metric variables
2021-02-28 10:20:52,963:INFO:Importing untrained model
2021-02-28 10:20:52,972:INFO:Gradient Boosting Classifier Imported succesfully
2021-02-28 10:20:52,989:INFO:Starting cross validation
2021-02-28 10:20:52,990:INFO:Cross validating with StratifiedKFold(n_splits=10, random_state=4323, shuffle=False), n_jobs=-1
2021-02-28 10:22:00,778:INFO:Calculating mean and std
2021-02-28 10:22:00,779:INFO:Creating metrics dataframe
2021-02-28 10:22:00,786:INFO:Uploading results into container
2021-02-28 10:22:00,786:INFO:Uploading model into container now
2021-02-28 10:22:00,786:INFO:create_model_container: 10
2021-02-28 10:22:00,786:INFO:master_model_container: 10
2021-02-28 10:22:00,786:INFO:display_container: 2
2021-02-28 10:22:00,787:INFO:GradientBoostingClassifier(ccp_alpha=0.0, criterion='friedman_mse', init=None,
                           learning_rate=0.1, loss='deviance', max_depth=3,
                           max_features=None, max_leaf_nodes=None,
                           min_impurity_decrease=0.0, min_impurity_split=None,
                           min_samples_leaf=1, min_samples_split=2,
                           min_weight_fraction_leaf=0.0, n_estimators=100,
                           n_iter_no_change=None, presort='deprecated',
                           random_state=4323, subsample=1.0, tol=0.0001,
                           validation_fraction=0.1, verbose=0,
                           warm_start=False)
2021-02-28 10:22:00,787:INFO:create_model() succesfully completed......................................
2021-02-28 10:22:00,886:INFO:SubProcess create_model() end ==================================
2021-02-28 10:22:00,886:INFO:Creating metrics dataframe
2021-02-28 10:22:00,919:INFO:Initializing Linear Discriminant Analysis
2021-02-28 10:22:00,919:INFO:Total runtime is 7.86587485074997 minutes
2021-02-28 10:22:00,928:INFO:SubProcess create_model() called ==================================
2021-02-28 10:22:00,929:INFO:Initializing create_model()
2021-02-28 10:22:00,929:INFO:create_model(kwargs={}, display=<pycaret.internal.Display.Display object at 0x7f900d78da20>, metrics=None, system=False, verbose=False, refit=False, groups=None, fit_kwargs={}, predict=True, cross_validation=True, round=4, fold=StratifiedKFold(n_splits=10, random_state=4323, shuffle=False), estimator=lda)
2021-02-28 10:22:00,929:INFO:Checking exceptions
2021-02-28 10:22:00,929:INFO:Importing libraries
2021-02-28 10:22:00,929:INFO:Copying training dataset
2021-02-28 10:22:00,939:INFO:Defining folds
2021-02-28 10:22:00,939:INFO:Declaring metric variables
2021-02-28 10:22:00,948:INFO:Importing untrained model
2021-02-28 10:22:00,957:INFO:Linear Discriminant Analysis Imported succesfully
2021-02-28 10:22:00,975:INFO:Starting cross validation
2021-02-28 10:22:00,976:INFO:Cross validating with StratifiedKFold(n_splits=10, random_state=4323, shuffle=False), n_jobs=-1
2021-02-28 10:22:23,174:INFO:Calculating mean and std
2021-02-28 10:22:23,175:INFO:Creating metrics dataframe
2021-02-28 10:22:23,182:INFO:Uploading results into container
2021-02-28 10:22:23,182:INFO:Uploading model into container now
2021-02-28 10:22:23,182:INFO:create_model_container: 11
2021-02-28 10:22:23,182:INFO:master_model_container: 11
2021-02-28 10:22:23,182:INFO:display_container: 2
2021-02-28 10:22:23,182:INFO:LinearDiscriminantAnalysis(n_components=None, priors=None, shrinkage=None,
                           solver='svd', store_covariance=False, tol=0.0001)
2021-02-28 10:22:23,183:INFO:create_model() succesfully completed......................................
2021-02-28 10:22:23,283:INFO:SubProcess create_model() end ==================================
2021-02-28 10:22:23,284:INFO:Creating metrics dataframe
2021-02-28 10:22:23,318:INFO:Initializing Extra Trees Classifier
2021-02-28 10:22:23,318:INFO:Total runtime is 8.239198331038157 minutes
2021-02-28 10:22:23,329:INFO:SubProcess create_model() called ==================================
2021-02-28 10:22:23,329:INFO:Initializing create_model()
2021-02-28 10:22:23,330:INFO:create_model(kwargs={}, display=<pycaret.internal.Display.Display object at 0x7f900d78da20>, metrics=None, system=False, verbose=False, refit=False, groups=None, fit_kwargs={}, predict=True, cross_validation=True, round=4, fold=StratifiedKFold(n_splits=10, random_state=4323, shuffle=False), estimator=et)
2021-02-28 10:22:23,330:INFO:Checking exceptions
2021-02-28 10:22:23,330:INFO:Importing libraries
2021-02-28 10:22:23,330:INFO:Copying training dataset
2021-02-28 10:22:23,341:INFO:Defining folds
2021-02-28 10:22:23,342:INFO:Declaring metric variables
2021-02-28 10:22:23,352:INFO:Importing untrained model
2021-02-28 10:22:23,362:INFO:Extra Trees Classifier Imported succesfully
2021-02-28 10:22:23,380:INFO:Starting cross validation
2021-02-28 10:22:23,381:INFO:Cross validating with StratifiedKFold(n_splits=10, random_state=4323, shuffle=False), n_jobs=-1
2021-02-28 10:24:16,770:INFO:Calculating mean and std
2021-02-28 10:24:16,778:INFO:Creating metrics dataframe
2021-02-28 10:24:16,790:INFO:Uploading results into container
2021-02-28 10:24:16,790:INFO:Uploading model into container now
2021-02-28 10:24:16,790:INFO:create_model_container: 12
2021-02-28 10:24:16,791:INFO:master_model_container: 12
2021-02-28 10:24:16,791:INFO:display_container: 2
2021-02-28 10:24:16,792:INFO:ExtraTreesClassifier(bootstrap=False, ccp_alpha=0.0, class_weight=None,
                     criterion='gini', max_depth=None, max_features='auto',
                     max_leaf_nodes=None, max_samples=None,
                     min_impurity_decrease=0.0, min_impurity_split=None,
                     min_samples_leaf=1, min_samples_split=2,
                     min_weight_fraction_leaf=0.0, n_estimators=100, n_jobs=-1,
                     oob_score=False, random_state=4323, verbose=0,
                     warm_start=False)
2021-02-28 10:24:16,792:INFO:create_model() succesfully completed......................................
2021-02-28 10:24:16,957:INFO:SubProcess create_model() end ==================================
2021-02-28 10:24:16,958:INFO:Creating metrics dataframe
2021-02-28 10:24:16,993:INFO:Initializing Extreme Gradient Boosting
2021-02-28 10:24:16,993:INFO:Total runtime is 10.133782585461933 minutes
2021-02-28 10:24:17,003:INFO:SubProcess create_model() called ==================================
2021-02-28 10:24:17,004:INFO:Initializing create_model()
2021-02-28 10:24:17,004:INFO:create_model(kwargs={}, display=<pycaret.internal.Display.Display object at 0x7f900d78da20>, metrics=None, system=False, verbose=False, refit=False, groups=None, fit_kwargs={}, predict=True, cross_validation=True, round=4, fold=StratifiedKFold(n_splits=10, random_state=4323, shuffle=False), estimator=xgboost)
2021-02-28 10:24:17,004:INFO:Checking exceptions
2021-02-28 10:24:17,004:INFO:Importing libraries
2021-02-28 10:24:17,004:INFO:Copying training dataset
2021-02-28 10:24:17,014:INFO:Defining folds
2021-02-28 10:24:17,014:INFO:Declaring metric variables
2021-02-28 10:24:17,023:INFO:Importing untrained model
2021-02-28 10:24:17,033:INFO:Extreme Gradient Boosting Imported succesfully
2021-02-28 10:24:17,051:INFO:Starting cross validation
2021-02-28 10:24:17,053:INFO:Cross validating with StratifiedKFold(n_splits=10, random_state=4323, shuffle=False), n_jobs=-1
2021-02-28 10:25:41,373:INFO:Calculating mean and std
2021-02-28 10:25:41,374:INFO:Creating metrics dataframe
2021-02-28 10:25:41,381:INFO:Uploading results into container
2021-02-28 10:25:41,381:INFO:Uploading model into container now
2021-02-28 10:25:41,381:INFO:create_model_container: 13
2021-02-28 10:25:41,382:INFO:master_model_container: 13
2021-02-28 10:25:41,382:INFO:display_container: 2
2021-02-28 10:25:41,383:INFO:XGBClassifier(base_score=None, booster='gbtree', colsample_bylevel=None,
              colsample_bynode=None, colsample_bytree=None, gamma=None,
              gpu_id=None, importance_type='gain', interaction_constraints=None,
              learning_rate=None, max_delta_step=None, max_depth=None,
              min_child_weight=None, missing=nan, monotone_constraints=None,
              n_estimators=100, n_jobs=-1, num_parallel_tree=None,
              objective='binary:logistic', random_state=4323, reg_alpha=None,
              reg_lambda=None, scale_pos_weight=None, subsample=None,
              tree_method='auto', use_label_encoder=True,
              validate_parameters=None, verbosity=0)
2021-02-28 10:25:41,383:INFO:create_model() succesfully completed......................................
2021-02-28 10:25:41,507:INFO:SubProcess create_model() end ==================================
2021-02-28 10:25:41,507:INFO:Creating metrics dataframe
2021-02-28 10:25:41,539:INFO:Initializing Light Gradient Boosting Machine
2021-02-28 10:25:41,539:INFO:Total runtime is 11.542886066436767 minutes
2021-02-28 10:25:41,549:INFO:SubProcess create_model() called ==================================
2021-02-28 10:25:41,549:INFO:Initializing create_model()
2021-02-28 10:25:41,550:INFO:create_model(kwargs={}, display=<pycaret.internal.Display.Display object at 0x7f900d78da20>, metrics=None, system=False, verbose=False, refit=False, groups=None, fit_kwargs={}, predict=True, cross_validation=True, round=4, fold=StratifiedKFold(n_splits=10, random_state=4323, shuffle=False), estimator=lightgbm)
2021-02-28 10:25:41,550:INFO:Checking exceptions
2021-02-28 10:25:41,550:INFO:Importing libraries
2021-02-28 10:25:41,550:INFO:Copying training dataset
2021-02-28 10:25:41,562:INFO:Defining folds
2021-02-28 10:25:41,562:INFO:Declaring metric variables
2021-02-28 10:25:41,570:INFO:Importing untrained model
2021-02-28 10:25:41,580:INFO:Light Gradient Boosting Machine Imported succesfully
2021-02-28 10:25:41,599:INFO:Starting cross validation
2021-02-28 10:25:41,599:INFO:Cross validating with StratifiedKFold(n_splits=10, random_state=4323, shuffle=False), n_jobs=-1
2021-02-28 10:25:52,207:INFO:Calculating mean and std
2021-02-28 10:25:52,208:INFO:Creating metrics dataframe
2021-02-28 10:25:52,213:INFO:Uploading results into container
2021-02-28 10:25:52,213:INFO:Uploading model into container now
2021-02-28 10:25:52,213:INFO:create_model_container: 14
2021-02-28 10:25:52,213:INFO:master_model_container: 14
2021-02-28 10:25:52,213:INFO:display_container: 2
2021-02-28 10:25:52,214:INFO:LGBMClassifier(boosting_type='gbdt', class_weight=None, colsample_bytree=1.0,
               importance_type='split', learning_rate=0.1, max_depth=-1,
               min_child_samples=20, min_child_weight=0.001, min_split_gain=0.0,
               n_estimators=100, n_jobs=-1, num_leaves=31, objective=None,
               random_state=4323, reg_alpha=0.0, reg_lambda=0.0, silent=True,
               subsample=1.0, subsample_for_bin=200000, subsample_freq=0)
2021-02-28 10:25:52,214:INFO:create_model() succesfully completed......................................
2021-02-28 10:25:52,315:INFO:SubProcess create_model() end ==================================
2021-02-28 10:25:52,315:INFO:Creating metrics dataframe
2021-02-28 10:25:52,349:INFO:Initializing CatBoost Classifier
2021-02-28 10:25:52,349:INFO:Total runtime is 11.723048484325409 minutes
2021-02-28 10:25:52,359:INFO:SubProcess create_model() called ==================================
2021-02-28 10:25:52,359:INFO:Initializing create_model()
2021-02-28 10:25:52,359:INFO:create_model(kwargs={}, display=<pycaret.internal.Display.Display object at 0x7f900d78da20>, metrics=None, system=False, verbose=False, refit=False, groups=None, fit_kwargs={}, predict=True, cross_validation=True, round=4, fold=StratifiedKFold(n_splits=10, random_state=4323, shuffle=False), estimator=catboost)
2021-02-28 10:25:52,359:INFO:Checking exceptions
2021-02-28 10:25:52,359:INFO:Importing libraries
2021-02-28 10:25:52,359:INFO:Copying training dataset
2021-02-28 10:25:52,368:INFO:Defining folds
2021-02-28 10:25:52,369:INFO:Declaring metric variables
2021-02-28 10:25:52,378:INFO:Importing untrained model
2021-02-28 10:25:52,386:INFO:CatBoost Classifier Imported succesfully
2021-02-28 10:25:52,404:INFO:Starting cross validation
2021-02-28 10:25:52,406:INFO:Cross validating with StratifiedKFold(n_splits=10, random_state=4323, shuffle=False), n_jobs=-1
2021-02-28 10:29:16,760:INFO:Calculating mean and std
2021-02-28 10:29:16,762:INFO:Creating metrics dataframe
2021-02-28 10:29:16,767:INFO:Uploading results into container
2021-02-28 10:29:16,767:INFO:Uploading model into container now
2021-02-28 10:29:16,767:INFO:create_model_container: 15
2021-02-28 10:29:16,768:INFO:master_model_container: 15
2021-02-28 10:29:16,768:INFO:display_container: 2
2021-02-28 10:29:16,768:INFO:<catboost.core.CatBoostClassifier object at 0x7f900de8e438>
2021-02-28 10:29:16,768:INFO:create_model() succesfully completed......................................
2021-02-28 10:29:16,864:INFO:SubProcess create_model() end ==================================
2021-02-28 10:29:16,865:INFO:Creating metrics dataframe
2021-02-28 10:29:16,921:INFO:Initializing create_model()
2021-02-28 10:29:16,921:INFO:create_model(kwargs={}, display=None, metrics=None, system=False, verbose=False, refit=True, groups=None, fit_kwargs={}, predict=False, cross_validation=False, round=4, fold=StratifiedKFold(n_splits=10, random_state=4323, shuffle=False), estimator=<catboost.core.CatBoostClassifier object at 0x7f900de8e438>)
2021-02-28 10:29:16,922:INFO:Checking exceptions
2021-02-28 10:29:16,922:INFO:Importing libraries
2021-02-28 10:29:16,922:INFO:Copying training dataset
2021-02-28 10:29:16,930:INFO:Defining folds
2021-02-28 10:29:16,930:INFO:Declaring metric variables
2021-02-28 10:29:16,930:INFO:Importing untrained model
2021-02-28 10:29:16,930:INFO:Declaring custom model
2021-02-28 10:29:16,931:INFO:CatBoost Classifier Imported succesfully
2021-02-28 10:29:16,931:INFO:Cross validation set to False
2021-02-28 10:29:16,931:INFO:Fitting Model
2021-02-28 10:29:34,000:INFO:<catboost.core.CatBoostClassifier object at 0x7f900de8e780>
2021-02-28 10:29:34,000:INFO:create_models() succesfully completed......................................
2021-02-28 10:29:34,160:INFO:create_model_container: 15
2021-02-28 10:29:34,160:INFO:master_model_container: 15
2021-02-28 10:29:34,160:INFO:display_container: 2
2021-02-28 10:29:34,161:INFO:<catboost.core.CatBoostClassifier object at 0x7f900de8e780>
2021-02-28 10:29:34,161:INFO:compare_models() succesfully completed......................................
